{"name": "test_create_booking_id", "status": "failed", "statusDetails": {"message": "AssertionError:  Expected 201 but found 400\nassert 400 == 201\n +  where 400 = <Response [400]>.status_code", "trace": "@pytest.fixture()\n    def create_booking():\n        URL = \"https://restful-booker.herokuapp.com/booking\"\n        HEADERS = {\"Content-Type\": \"application/json\"}\n        DATA = {\n            \"firstname\": \"Ragul\",\n            \"lastname\": \"Ravibarathi\",\n            \"totalprice\": 111,\n            \"depositpaid\": True,\n            \"bookingdates\": {\n                \"checkin\": \"2024-01-01\",\n                \"checkout\": \"2024-02-01\"\n            },\n            \"additionalneeds\": \"Breakfast\"\n        }\n        response = requests.post(url=URL, headers=HEADERS, data=DATA)\n>       assert response.status_code == 201, f\" Expected 201 but found {response.status_code}\"\nE       AssertionError:  Expected 201 but found 400\nE       assert 400 == 201\nE        +  where 400 = <Response [400]>.status_code\n\nApiTestCases\\conftest.py:21: AssertionError"}, "start": 1728628431991, "stop": 1728628431991, "uuid": "759066d8-8007-4731-b13a-a1a7670590ec", "historyId": "ef888aa79d247cc2cc684a08864034ca", "testCaseId": "ef888aa79d247cc2cc684a08864034ca", "fullName": "ApiTestCases.test_CRUD#test_create_booking_id", "labels": [{"name": "tag", "value": "CRUD"}, {"name": "parentSuite", "value": "ApiTestCases"}, {"name": "suite", "value": "test_CRUD"}, {"name": "host", "value": "RAGUL"}, {"name": "thread", "value": "16012-MainThread"}, {"name": "framework", "value": "pytest"}, {"name": "language", "value": "cpython3"}, {"name": "package", "value": "ApiTestCases.test_CRUD"}]}